..\..\..\src\x86\asm\vectorcall.asm(256) : Warning A4268: Procedure argument or local not referenced: a
..\..\..\src\x86\asm\vectorcall.asm(256) : Warning A4268: Procedure argument or local not referenced: b
..\..\..\src\x86\asm\vectorcall.asm(256) : Warning A4268: Procedure argument or local not referenced: cc
..\..\..\src\x86\asm\vectorcall.asm(264) : Warning A4268: Procedure argument or local not referenced: a
..\..\..\src\x86\asm\vectorcall.asm(333) : Warning A4268: Procedure argument or local not referenced: a
..\..\..\src\x86\asm\vectorcall.asm(333) : Warning A4268: Procedure argument or local not referenced: b
..\..\..\src\x86\asm\vectorcall.asm(333) : Warning A4268: Procedure argument or local not referenced: cc
..\..\..\src\x86\asm\vectorcall.asm(333) : Warning A4268: Procedure argument or local not referenced: d
..\..\..\src\x86\asm\vectorcall.asm(333) : Warning A4268: Procedure argument or local not referenced: e
..\..\..\src\x86\asm\vectorcall.asm(333) : Warning A4268: Procedure argument or local not referenced: f
..\..\..\src\x86\asm\vectorcall.asm(362) : Warning A4268: Procedure argument or local not referenced: a
..\..\..\src\x86\asm\vectorcall.asm(362) : Warning A4268: Procedure argument or local not referenced: b
..\..\..\src\x86\asm\vectorcall.asm(362) : Warning A4268: Procedure argument or local not referenced: cc
..\..\..\src\x86\asm\vectorcall.asm(362) : Warning A4268: Procedure argument or local not referenced: d
..\..\..\src\x86\asm\vectorcall.asm(366) : Warning A4268: Procedure argument or local not referenced: a
..\..\..\src\x86\asm\vectorcall.asm(366) : Warning A4268: Procedure argument or local not referenced: b
..\..\..\src\x86\asm\vectorcall.asm(366) : Warning A4268: Procedure argument or local not referenced: cc
..\..\..\src\x86\asm\vectorcall.asm(366) : Warning A4268: Procedure argument or local not referenced: d
..\..\..\src\x86\asm\vectorcall.asm(366) : Warning A4268: Procedure argument or local not referenced: e
..\..\..\src\x86\asm\vectorcall.asm(387) : Warning A4268: Procedure argument or local not referenced: a
..\..\..\src\x86\asm\vectorcall.asm(387) : Warning A4268: Procedure argument or local not referenced: b
..\..\..\src\x86\asm\vectorcall.asm(387) : Warning A4268: Procedure argument or local not referenced: cc
..\..\..\src\x86\asm\vectorcall.asm(387) : Warning A4268: Procedure argument or local not referenced: d
..\..\..\src\x86\asm\vectorcall.asm(387) : Warning A4268: Procedure argument or local not referenced: e
..\..\..\src\x86\asm\vectorcall.asm(387) : Warning A4268: Procedure argument or local not referenced: f
..\..\..\src\x86\asm\vectorcall.asm(387) : Warning A4268: Procedure argument or local not referenced: g
..\..\..\src\x86\asm\vectorcall.asm(387) : Warning A4268: Procedure argument or local not referenced: h
..\..\..\src\x86\asm\vectorcall.asm(391) : Warning A4268: Procedure argument or local not referenced: a
..\..\..\src\x86\asm\vectorcall.asm(391) : Warning A4268: Procedure argument or local not referenced: b
..\..\..\src\x86\asm\vectorcall.asm(391) : Warning A4268: Procedure argument or local not referenced: cc
..\..\..\src\x86\asm\vectorcall.asm(391) : Warning A4268: Procedure argument or local not referenced: d
..\..\..\src\x86\asm\vectorcall.asm(391) : Warning A4268: Procedure argument or local not referenced: e
..\..\..\src\x86\asm\vectorcall.asm(395) : Warning A4268: Procedure argument or local not referenced: a
..\..\..\src\x86\asm\vectorcall.asm(395) : Warning A4268: Procedure argument or local not referenced: b
..\..\..\src\x86\asm\vectorcall.asm(395) : Warning A4268: Procedure argument or local not referenced: cc
..\..\..\src\x86\asm\vectorcall.asm(395) : Warning A4268: Procedure argument or local not referenced: d
..\..\..\src\x86\asm\vectorcall.asm(402) : Warning A4268: Procedure argument or local not referenced: b
..\..\..\src\x86\asm\vectorcall.asm(402) : Warning A4268: Procedure argument or local not referenced: cc
..\..\..\src\x86\asm\vectorcall.asm(402) : Warning A4268: Procedure argument or local not referenced: d
..\..\..\src\x86\asm\vectorcall.asm(439) : Warning A4268: Procedure argument or local not referenced: cd
..\..\..\src\x86\asm\vectorcall.asm(444) : Warning A4268: Procedure argument or local not referenced: a
..\..\..\src\x86\asm\vectorcall.asm(457) : Warning A4268: Procedure argument or local not referenced: a
..\..\..\src\x86\asm\vectorcall.asm(476) : Warning A4268: Procedure argument or local not referenced: i
..\..\..\src\x86\asm\vectorcall.asm(476) : Warning A4268: Procedure argument or local not referenced: a
..\..\..\src\x86\asm\vectorcall.asm(483) : Warning A4268: Procedure argument or local not referenced: i
..\..\..\src\x86\asm\vectorcall.asm(489) : Warning A4268: Procedure argument or local not referenced: i
..\..\..\src\x86\asm\vectorcall.asm(489) : Warning A4268: Procedure argument or local not referenced: a
..\..\..\src\x86\asm\vectorcall.asm(496) : Warning A4268: Procedure argument or local not referenced: i
..\..\..\src\x86\asm\vectorcall.asm(569) : Warning A4268: Procedure argument or local not referenced: c6
..\..\..\src\x86\asm\vectorcall.asm(579) : Warning A4268: Procedure argument or local not referenced: a
..\..\..\src\x86\asm\vectorcall.asm(579) : Warning A4268: Procedure argument or local not referenced: b
